<?xml version="1.0" encoding="utf-8"?><testsuites><testsuite name="pytest" errors="0" failures="0" skipped="0" tests="8" time="0.126" timestamp="2021-05-06T21:48:14.332375" hostname="Sharhan"><testcase classname="test_bumbo" name="test_basic_route_adding" time="0.002" /><testcase classname="test_bumbo" name="test_route_overlap_throws_exception" time="0.002" /><testcase classname="test_bumbo" name="test_bumbo_test_client_can_send_requests" time="0.013" /><testcase classname="test_bumbo" name="test_parameterized_route" time="0.011" /><testcase classname="test_bumbo" name="test_default_404_response" time="0.006" /><testcase classname="test_bumbo" name="test_class_based_handler_get" time="0.005" /><testcase classname="test_bumbo" name="test_class_based_handler_post" time="0.006" /><testcase classname="test_bumbo" name="test_class_based_handler_not_allowed_method" time="0.005" /></testsuite></testsuites>